<?xml version="1.0" encoding="UTF-8"?>
<testng-results skipped="0" failed="0" total="2" passed="2">
  <reporter-output>
  </reporter-output>
  <suite name="Suite" duration-ms="146552" started-at="2018-03-14T06:45:26Z" finished-at="2018-03-14T06:47:52Z">
    <groups>
    </groups>
    <test name="Test" duration-ms="146552" started-at="2018-03-14T06:45:26Z" finished-at="2018-03-14T06:47:52Z">
      <class name="test.JPTest">
        <test-method status="PASS" signature="readConfig()[pri:0, instance:test.JPTest@5a42bbf4]" name="readConfig" is-config="true" duration-ms="37" started-at="2018-03-14T13:45:26Z" finished-at="2018-03-14T13:45:26Z">
          <reporter-output>
          </reporter-output>
        </test-method> <!-- readConfig -->
        <test-method status="PASS" signature="setupBrowser()[pri:0, instance:test.JPTest@5a42bbf4]" name="setupBrowser" is-config="true" duration-ms="5668" started-at="2018-03-14T13:45:26Z" finished-at="2018-03-14T13:45:31Z">
          <reporter-output>
          </reporter-output>
        </test-method> <!-- setupBrowser -->
        <test-method status="PASS" signature="jobsTest()[pri:0, instance:test.JPTest@5a42bbf4]" name="jobsTest" duration-ms="14238" started-at="2018-03-14T13:45:31Z" finished-at="2018-03-14T13:45:46Z">
          <reporter-output>
          </reporter-output>
        </test-method> <!-- jobsTest -->
        <test-method status="PASS" signature="newsTest()[pri:0, instance:test.JPTest@5a42bbf4]" name="newsTest" duration-ms="126590" started-at="2018-03-14T13:45:46Z" finished-at="2018-03-14T13:47:52Z">
          <reporter-output>
          </reporter-output>
        </test-method> <!-- newsTest -->
      </class> <!-- test.JPTest -->
    </test> <!-- Test -->
  </suite> <!-- Suite -->
</testng-results>
